<?xml version="1.0" encoding="UTF-8"?>
<!-- Generated by org.testng.reporters.JUnitXMLReporter -->
<testsuite ignored="0" hostname="PRASAD" failures="1" tests="1" name="Default test" time="9.252" errors="0" timestamp="2023-05-27T03:32:21 IST">
  <testcase classname="io.cucumber.testng.AbstractTestNGCucumberTests" name="runScenario" time="8.175">
    <failure type="java.lang.Error" message="Unresolved compilation problem: 
	The method pintln(String) is undefined for the type PrintStream
">
      <![CDATA[java.lang.Error: Unresolved compilation problem: 
The method pintln(String) is undefined for the type PrintStream

at faceBookStepDefination.faceBookSteps.provide_all_the_details(faceBookSteps.java:22)
at ✽.provide all the details(file:///C:/Users/oye/eclipse-workspace/AutomationProject/src/test/resources/features/amazon.feature:6)
]]>
    </failure>
  </testcase> <!-- runScenario -->
</testsuite> <!-- Default test -->
