<?xml version="1.0" encoding="UTF-8"?>
<testng-results ignored="0" total="1" passed="0" failed="1" skipped="0">
  <reporter-output>
  </reporter-output>
  <suite started-at="2023-05-27T03:32:11 IST" name="Default suite" finished-at="2023-05-27T03:32:21 IST" duration-ms="9252">
    <groups>
      <group name="cucumber">
        <method signature="AbstractTestNGCucumberTests.runScenario(io.cucumber.testng.PickleWrapper,io.cucumber.testng.FeatureWrapper)[pri:0, instance:RunnerFiles.faceBookTestRunnerFile_TestNG@367ffa75]" name="runScenario" class="io.cucumber.testng.AbstractTestNGCucumberTests"/>
      </group> <!-- cucumber -->
    </groups>
    <test started-at="2023-05-27T03:32:11 IST" name="Default test" finished-at="2023-05-27T03:32:21 IST" duration-ms="9252">
      <class name="RunnerFiles.faceBookTestRunnerFile_TestNG">
        <test-method is-config="true" signature="setUpClass(org.testng.ITestContext)[pri:0, instance:RunnerFiles.faceBookTestRunnerFile_TestNG@367ffa75]" started-at="2023-05-27T03:32:12 IST" name="setUpClass" finished-at="2023-05-27T03:32:12 IST" duration-ms="884" status="PASS">
          <params>
            <param index="0">
              <value>
                <![CDATA[org.testng.TestRunner@252744a1]]>
              </value>
            </param>
          </params>
          <reporter-output>
          </reporter-output>
        </test-method> <!-- setUpClass -->
        <test-method signature="runScenario(io.cucumber.testng.PickleWrapper,io.cucumber.testng.FeatureWrapper)[pri:0, instance:RunnerFiles.faceBookTestRunnerFile_TestNG@367ffa75]" started-at="2023-05-27T03:32:12 IST" name="runScenario" description="Runs Cucumber Scenarios" data-provider="scenarios" finished-at="2023-05-27T03:32:21 IST" duration-ms="8175" status="FAIL">
          <params>
            <param index="0">
              <value>
                <![CDATA["login for fb application 1-1 time"]]>
              </value>
            </param>
            <param index="1">
              <value>
                <![CDATA["Facebook login functionality"]]>
              </value>
            </param>
          </params>
          <exception class="java.lang.Error">
            <message>
              <![CDATA[Unresolved compilation problem: 
The method pintln(String) is undefined for the type PrintStream
]]>
            </message>
            <full-stacktrace>
              <![CDATA[java.lang.Error: Unresolved compilation problem: 
The method pintln(String) is undefined for the type PrintStream

at faceBookStepDefination.faceBookSteps.provide_all_the_details(faceBookSteps.java:22)
at ✽.provide all the details(file:///C:/Users/oye/eclipse-workspace/AutomationProject/src/test/resources/features/amazon.feature:6)
]]>
            </full-stacktrace>
          </exception> <!-- java.lang.Error -->
          <reporter-output>
          </reporter-output>
        </test-method> <!-- runScenario -->
        <test-method is-config="true" signature="tearDownClass()[pri:0, instance:RunnerFiles.faceBookTestRunnerFile_TestNG@367ffa75]" started-at="2023-05-27T03:32:21 IST" name="tearDownClass" finished-at="2023-05-27T03:32:21 IST" duration-ms="110" status="PASS">
          <reporter-output>
          </reporter-output>
        </test-method> <!-- tearDownClass -->
      </class> <!-- RunnerFiles.faceBookTestRunnerFile_TestNG -->
    </test> <!-- Default test -->
  </suite> <!-- Default suite -->
</testng-results>
