<?xml version="1.0" encoding="UTF-8"?>
<testng-results ignored="0" total="2" passed="2" failed="0" skipped="0">
  <reporter-output>
  </reporter-output>
  <suite started-at="2023-06-02T03:23:10 IST" name="Default suite" finished-at="2023-06-02T03:23:12 IST" duration-ms="2070">
    <groups>
      <group name="cucumber">
        <method signature="AbstractTestNGCucumberTests.runScenario(io.cucumber.testng.PickleWrapper,io.cucumber.testng.FeatureWrapper)[pri:0, instance:RunnerFiles.faceBookTestRunnerFile_TestNG@235834f2]" name="runScenario" class="io.cucumber.testng.AbstractTestNGCucumberTests"/>
      </group> <!-- cucumber -->
    </groups>
    <test started-at="2023-06-02T03:23:10 IST" name="Default test" finished-at="2023-06-02T03:23:12 IST" duration-ms="2070">
      <class name="RunnerFiles.faceBookTestRunnerFile_TestNG">
        <test-method is-config="true" signature="setUpClass(org.testng.ITestContext)[pri:0, instance:RunnerFiles.faceBookTestRunnerFile_TestNG@235834f2]" started-at="2023-06-02T03:23:10 IST" name="setUpClass" finished-at="2023-06-02T03:23:11 IST" duration-ms="1062" status="PASS">
          <params>
            <param index="0">
              <value>
                <![CDATA[org.testng.TestRunner@4a03bb68]]>
              </value>
            </param>
          </params>
          <reporter-output>
          </reporter-output>
        </test-method> <!-- setUpClass -->
        <test-method signature="runScenario(io.cucumber.testng.PickleWrapper,io.cucumber.testng.FeatureWrapper)[pri:0, instance:RunnerFiles.faceBookTestRunnerFile_TestNG@235834f2]" started-at="2023-06-02T03:23:11 IST" name="runScenario" description="Runs Cucumber Scenarios" data-provider="scenarios" finished-at="2023-06-02T03:23:12 IST" duration-ms="886" status="PASS">
          <params>
            <param index="0">
              <value>
                <![CDATA["Title of your scenario"]]>
              </value>
            </param>
            <param index="1">
              <value>
                <![CDATA["This feature is for DB Testing"]]>
              </value>
            </param>
          </params>
          <reporter-output>
          </reporter-output>
        </test-method> <!-- runScenario -->
        <test-method signature="featureXL()[pri:0, instance:RunnerFiles.faceBookTestRunnerFile_TestNG@235834f2]" started-at="2023-06-02T03:23:12 IST" name="featureXL" finished-at="2023-06-02T03:23:12 IST" duration-ms="4" status="PASS">
          <reporter-output>
          </reporter-output>
        </test-method> <!-- featureXL -->
        <test-method is-config="true" signature="tearDownClass()[pri:0, instance:RunnerFiles.faceBookTestRunnerFile_TestNG@235834f2]" started-at="2023-06-02T03:23:12 IST" name="tearDownClass" finished-at="2023-06-02T03:23:12 IST" duration-ms="65" status="PASS">
          <reporter-output>
          </reporter-output>
        </test-method> <!-- tearDownClass -->
      </class> <!-- RunnerFiles.faceBookTestRunnerFile_TestNG -->
    </test> <!-- Default test -->
  </suite> <!-- Default suite -->
</testng-results>
