<?xml version="1.0" encoding="UTF-8"?>
<!-- Generated by org.testng.reporters.JUnitReportReporter -->
<testsuite hostname="PRASAD" failures="0" tests="1" name="RunnerFiles.faceBookTestRunnerFile_TestNG" time="8.175" errors="1" timestamp="2023-05-27T03:32:21 IST" skipped="0">
  <testcase classname="RunnerFiles.faceBookTestRunnerFile_TestNG" name="runScenario" time="8.175">
    <error message="Unresolved compilation problem: 
	The method pintln(String) is undefined for the type PrintStream
" type="java.lang.Error">
      <![CDATA[java.lang.Error: Unresolved compilation problem: 
The method pintln(String) is undefined for the type PrintStream

at faceBookStepDefination.faceBookSteps.provide_all_the_details(faceBookSteps.java:22)
at ✽.provide all the details(file:///C:/Users/oye/eclipse-workspace/AutomationProject/src/test/resources/features/amazon.feature:6)
]]>
    </error>
  </testcase> <!-- runScenario -->
  <system-out/>
</testsuite> <!-- RunnerFiles.faceBookTestRunnerFile_TestNG -->
